Arguments: 
  C:\Program Files\nodejs\node.exe C:\Program Files (x86)\Yarn\bin\yarn.js dev

PATH: 
  C:\Program Files\ojdkbuild\java-1.8.0-openjdk-1.8.0.275-1\bin;C:\oracle\Win32_instantclient-basic-nt-11.2.0.4.0\instantclient_11_2\bin;.;C:\Windows\system32;C:\Windows;C:\Windows\System32\Wbem;C:\Windows\System32\WindowsPowerShell\v1.0\;C:\Windows\System32\OpenSSH\;C:\Program Files\Intel\WiFi\bin\;C:\Program Files\Common Files\Intel\WirelessCommon\;C:\Program Files (x86)\ojdkbuild\java-1.8.0-openjdk-1.8.0.275-1\binC:\Program Files (x86)\ojdkbuild\java-1.8.0-openjdk-1.8.0.275-1\jre\bin;C:\Program Files\nodejs\;C:\PROGRA~2\WAREVA~1\CHAKRA~1\;C:\Program Files (x86)\WareValley\Chakra Max Client V2\jre6\bin;C:\Program Files (x86)\WareValley\Chakra Max Client V2\jre6\bin\client;;C:\Program Files (x86)\Yarn\bin\;C:\Program Files (x86)\WareValley\Chakra Max Client V2\;C:\Program Files\Git\cmd;C:\Program Files\ojdkbuild\java-1.8.0-openjdk-1.8.0.275-1\bin;C:\Program Files\ojdkbuild\java-1.8.0-openjdk-1.8.0.275-1\jre\bin;C:\Users\SKMG\AppData\Local\Microsoft\WindowsApps;;C:\Users\SKMG\AppData\Local\Programs\Microsoft VS Code\bin;C:\Users\SKMG\AppData\Roaming\npm;C:\Users\SKMG\AppData\Local\Yarn\bin;C:\Program Files\Bandizip\

Yarn version: 
  1.22.5

Node version: 
  14.15.1

Platform: 
  win32 x64

Trace: 
  SyntaxError: C:\React Project Tutorial\management\package.json: Unexpected end of JSON input
      at JSON.parse (<anonymous>)
      at C:\Program Files (x86)\Yarn\lib\cli.js:1625:59
      at Generator.next (<anonymous>)
      at step (C:\Program Files (x86)\Yarn\lib\cli.js:310:30)
      at C:\Program Files (x86)\Yarn\lib\cli.js:321:13

npm manifest: 
  

yarn manifest: 
  No manifest

Lockfile: 
  No lockfile
